<?xml version="1.0" encoding="UTF-8"?>
<!-- Generated by org.testng.reporters.JUnitXMLReporter -->
<testsuite ignored="0" hostname="NOHA-Legion-LAP" failures="0" tests="6" name="Chrome - CreateUser" time="17.165" errors="0" timestamp="2025-06-10T02:11:56 EET">
  <testcase classname="test.AdminCreateUserTest" name="adminCanLogin" time="1.679"/>
  <testcase classname="test.AdminCreateUserTest" name="adminCanCreateUser" time="5.489"/>
  <testcase classname="test.AdminCreateUserTest" name="confirmSuccessToast" time="1.439"/>
  <testcase classname="test.AdminCreateUserTest" name="adminCanLogout" time="1.305"/>
  <testcase classname="test.AdminCreateUserTest" name="newUserCanLogin" time="1.708"/>
  <testcase classname="test.AdminCreateUserTest" name="newUserCanLogout" time="1.252"/>
</testsuite> <!-- Chrome - CreateUser -->
